<html>
<head>
<title>TestNG:  dicovery</title>
<link href="../testng.css" rel="stylesheet" type="text/css" />
<link href="../my-testng.css" rel="stylesheet" type="text/css" />

<style type="text/css">
.log { display: none;} 
.stack-trace { display: none;} 
</style>
<script type="text/javascript">
<!--
function flip(e) {
  current = e.style.display;
  if (current == 'block') {
    e.style.display = 'none';
    return 0;
  }
  else {
    e.style.display = 'block';
    return 1;
  }
}

function toggleBox(szDivId, elem, msg1, msg2)
{
  var res = -1;  if (document.getElementById) {
    res = flip(document.getElementById(szDivId));
  }
  else if (document.all) {
    // this is the way old msie versions work
    res = flip(document.all[szDivId]);
  }
  if(elem) {
    if(res == 0) elem.innerHTML = msg1; else elem.innerHTML = msg2;
  }

}

function toggleAllBoxes() {
  if (document.getElementsByTagName) {
    d = document.getElementsByTagName('div');
    for (i = 0; i < d.length; i++) {
      if (d[i].className == 'log') {
        flip(d[i]);
      }
    }
  }
}

// -->
</script>

</head>
<body>
<h2 align='center'>dicovery</h2><table border='1' align="center">
<tr>
<td>Tests passed/Failed/Skipped:</td><td>108/6/0</td>
</tr><tr>
<td>Started on:</td><td>Wed Oct 25 11:28:27 BST 2017</td>
</tr>
<tr><td>Total time:</td><td>2687 seconds (2687857 ms)</td>
</tr><tr>
<td>Included groups:</td><td></td>
</tr><tr>
<td>Excluded groups:</td><td></td>
</tr>
</table><p/>
<small><i>(Hover the method name to see the test class name)</i></small><p/>
<table width='100%' border='1' class='invocation-failed'>
<tr><td colspan='4' align='center'><b>FAILED TESTS</b></td></tr>
<tr><td><b>Test method</b></td>
<td width="30%"><b>Exception</b></td>
<td width="10%"><b>Time (seconds)</b></td>
<td><b>Instance</b></td>
</tr>
<tr>
<td title='discovery.ManorSearchOnTest.MS_ForMonorDocuments_KeyWordSearch.ForMonorDocuments_KeyWordSearch()'><b>ForMonorDocuments_KeyWordSearch</b><br>Test class: discovery.ManorSearchOnTest.MS_ForMonorDocuments_KeyWordSearch</td>
<td><div><pre>java.lang.AssertionError: expected [true] but found [false]
	at discovery.ManorSearchOnTest.MS_ForMonorDocuments_KeyWordSearch.ForMonorDocuments_KeyWordSearch(MS_ForMonorDocuments_KeyWordSearch.java:67)
... Removed 29 stack frames</pre></div><a href='#' onClick='toggleBox("stack-trace21813066", this, "Click to show all stack frames", "Click to hide stack frames")'>Click to show all stack frames</a>
<div class='stack-trace' id='stack-trace21813066'><pre>java.lang.AssertionError: expected [true] but found [false]
	at org.testng.Assert.fail(Assert.java:93)
	at org.testng.Assert.failNotEquals(Assert.java:512)
	at org.testng.Assert.assertTrue(Assert.java:41)
	at org.testng.Assert.assertTrue(Assert.java:51)
	at discovery.ManorSearchOnTest.MS_ForMonorDocuments_KeyWordSearch.ForMonorDocuments_KeyWordSearch(MS_ForMonorDocuments_KeyWordSearch.java:67)
	at sun.reflect.NativeMethodAccessorImpl.invoke0(Native Method)
	at sun.reflect.NativeMethodAccessorImpl.invoke(NativeMethodAccessorImpl.java:62)
	at sun.reflect.DelegatingMethodAccessorImpl.invoke(DelegatingMethodAccessorImpl.java:43)
	at java.lang.reflect.Method.invoke(Method.java:498)
	at org.testng.internal.MethodInvocationHelper.invokeMethod(MethodInvocationHelper.java:108)
	at org.testng.internal.Invoker.invokeMethod(Invoker.java:661)
	at org.testng.internal.Invoker.invokeTestMethod(Invoker.java:869)
	at org.testng.internal.Invoker.invokeTestMethods(Invoker.java:1193)
	at org.testng.internal.TestMethodWorker.invokeTestMethods(TestMethodWorker.java:126)
	at org.testng.internal.TestMethodWorker.run(TestMethodWorker.java:109)
	at org.testng.TestRunner.privateRun(TestRunner.java:744)
	at org.testng.TestRunner.run(TestRunner.java:602)
	at org.testng.SuiteRunner.runTest(SuiteRunner.java:380)
	at org.testng.SuiteRunner.runSequentially(SuiteRunner.java:375)
	at org.testng.SuiteRunner.privateRun(SuiteRunner.java:340)
	at org.testng.SuiteRunner.run(SuiteRunner.java:289)
	at org.testng.SuiteRunnerWorker.runSuite(SuiteRunnerWorker.java:52)
	at org.testng.SuiteRunnerWorker.run(SuiteRunnerWorker.java:86)
	at org.testng.TestNG.runSuitesSequentially(TestNG.java:1301)
	at org.testng.TestNG.runSuitesLocally(TestNG.java:1226)
	at org.testng.TestNG.runSuites(TestNG.java:1144)
	at org.testng.TestNG.run(TestNG.java:1115)
	at org.testng.remote.AbstractRemoteTestNG.run(AbstractRemoteTestNG.java:132)
	at org.testng.remote.RemoteTestNG.initAndRun(RemoteTestNG.java:230)
	at org.testng.remote.RemoteTestNG.main(RemoteTestNG.java:76)
</pre></div></td>
<td>38</td>
<td>discovery.ManorSearchOnTest.MS_ForMonorDocuments_KeyWordSearch@1c7e1bb</td></tr>
<tr>
<td title='discovery.AdvancedSearchOnTest.AS_Records_SearchTheNA_Taxonomy_Witchcraft.SearchTheNA_Taxonomy_Witchcraft()'><b>SearchTheNA_Taxonomy_Witchcraft</b><br>Test class: discovery.AdvancedSearchOnTest.AS_Records_SearchTheNA_Taxonomy_Witchcraft</td>
<td><div><pre>java.lang.AssertionError: expected [Records 48] but found [Records 119]
	at discovery.AdvancedSearchOnTest.AS_Records_SearchTheNA_Taxonomy_Witchcraft.SearchTheNA_Taxonomy_Witchcraft(AS_Records_SearchTheNA_Taxonomy_Witchcraft.java:73)
... Removed 31 stack frames</pre></div><a href='#' onClick='toggleBox("stack-trace7602748", this, "Click to show all stack frames", "Click to hide stack frames")'>Click to show all stack frames</a>
<div class='stack-trace' id='stack-trace7602748'><pre>java.lang.AssertionError: expected [Records 48] but found [Records 119]
	at org.testng.Assert.fail(Assert.java:93)
	at org.testng.Assert.failNotEquals(Assert.java:512)
	at org.testng.Assert.assertEqualsImpl(Assert.java:134)
	at org.testng.Assert.assertEquals(Assert.java:115)
	at org.testng.Assert.assertEquals(Assert.java:189)
	at org.testng.Assert.assertEquals(Assert.java:199)
	at discovery.AdvancedSearchOnTest.AS_Records_SearchTheNA_Taxonomy_Witchcraft.SearchTheNA_Taxonomy_Witchcraft(AS_Records_SearchTheNA_Taxonomy_Witchcraft.java:73)
	at sun.reflect.NativeMethodAccessorImpl.invoke0(Native Method)
	at sun.reflect.NativeMethodAccessorImpl.invoke(NativeMethodAccessorImpl.java:62)
	at sun.reflect.DelegatingMethodAccessorImpl.invoke(DelegatingMethodAccessorImpl.java:43)
	at java.lang.reflect.Method.invoke(Method.java:498)
	at org.testng.internal.MethodInvocationHelper.invokeMethod(MethodInvocationHelper.java:108)
	at org.testng.internal.Invoker.invokeMethod(Invoker.java:661)
	at org.testng.internal.Invoker.invokeTestMethod(Invoker.java:869)
	at org.testng.internal.Invoker.invokeTestMethods(Invoker.java:1193)
	at org.testng.internal.TestMethodWorker.invokeTestMethods(TestMethodWorker.java:126)
	at org.testng.internal.TestMethodWorker.run(TestMethodWorker.java:109)
	at org.testng.TestRunner.privateRun(TestRunner.java:744)
	at org.testng.TestRunner.run(TestRunner.java:602)
	at org.testng.SuiteRunner.runTest(SuiteRunner.java:380)
	at org.testng.SuiteRunner.runSequentially(SuiteRunner.java:375)
	at org.testng.SuiteRunner.privateRun(SuiteRunner.java:340)
	at org.testng.SuiteRunner.run(SuiteRunner.java:289)
	at org.testng.SuiteRunnerWorker.runSuite(SuiteRunnerWorker.java:52)
	at org.testng.SuiteRunnerWorker.run(SuiteRunnerWorker.java:86)
	at org.testng.TestNG.runSuitesSequentially(TestNG.java:1301)
	at org.testng.TestNG.runSuitesLocally(TestNG.java:1226)
	at org.testng.TestNG.runSuites(TestNG.java:1144)
	at org.testng.TestNG.run(TestNG.java:1115)
	at org.testng.remote.AbstractRemoteTestNG.run(AbstractRemoteTestNG.java:132)
	at org.testng.remote.RemoteTestNG.initAndRun(RemoteTestNG.java:230)
	at org.testng.remote.RemoteTestNG.main(RemoteTestNG.java:76)
</pre></div></td>
<td>31</td>
<td>discovery.AdvancedSearchOnTest.AS_Records_SearchTheNA_Taxonomy_Witchcraft@33cc44</td></tr>
<tr>
<td title='discovery.BrowseOnTest.Records_Of_TNA.browseRecords()'><b>browseRecords</b><br>Test class: discovery.BrowseOnTest.Records_Of_TNA</td>
<td><div><pre>org.openqa.selenium.NoSuchElementException: no such element: Unable to locate element: {&quot;method&quot;:&quot;xpath&quot;,&quot;selector&quot;:&quot;//table[@class=&apos;asset-details&apos;]/tbody/tr[1]/td&quot;}
  (Session info: chrome=61.0.3163.100)
  (Driver info: chromedriver=2.29.461591 (62ebf098771772160f391d75e589dc567915b233),platform=Windows NT 6.1.7601 SP1 x86_64) (WARNING: The server did not provide any stacktrace information)
Command duration or timeout: 30.01 seconds
For documentation on this error, please visit: http://seleniumhq.org/exceptions/no_such_element.html
Build info: version: &apos;3.4.0&apos;, revision: &apos;unknown&apos;, time: &apos;unknown&apos;
System info: host: &apos;PR020921&apos;, ip: &apos;10.120.2.124&apos;, os.name: &apos;Windows 7&apos;, os.arch: &apos;x86&apos;, os.version: &apos;6.1&apos;, java.version: &apos;1.8.0_131&apos;
Driver info: org.openqa.selenium.chrome.ChromeDriver
Capabilities [{applicationCacheEnabled=false, rotatable=false, mobileEmulationEnabled=false, networkConnectionEnabled=false, chrome={chromedriverVersion=2.29.461591 (62ebf098771772160f391d75e589dc567915b233), userDataDir=C:\Users\SVENKA~1\AppData\Local\Temp\scoped_dir5408_13392}, takesHeapSnapshot=true, pageLoadStrategy=normal, databaseEnabled=false, handlesAlerts=true, hasTouchScreen=false, version=61.0.3163.100, platform=XP, browserConnectionEnabled=false, nativeEvents=true, acceptSslCerts=true, locationContextEnabled=true, webStorageEnabled=true, browserName=chrome, takesScreenshot=true, javascriptEnabled=true, cssSelectorsEnabled=true, unexpectedAlertBehaviour=}]
Session ID: 66bcacd94a19ce53c1aa67faff27a9f4
*** Element info: {Using=xpath, value=//table[@class=&apos;asset-details&apos;]/tbody/tr[1]/td}
	at org.openqa.selenium.remote.ErrorHandler.createThrowable(ErrorHandler.java:215)
	at org.openqa.selenium.remote.ErrorHandler.throwIfResponseFailed(ErrorHandler.java:167)
	at org.openqa.selenium.remote.RemoteWebDriver.execute(RemoteWebDriver.java:671)
	at org.openqa.selenium.remote.RemoteWebDriver.findElement(RemoteWebDriver.java:410)
	at org.openqa.selenium.remote.RemoteWebDriver.findElementByXPath(RemoteWebDriver.java:509)
	at wrapper.Wrapper_methods.getTextByXpath(Wrapper_methods.java:199)
	at discovery.BrowseOnTest.Records_Of_TNA.browseRecords(Records_Of_TNA.java:39)
... Removed 29 stack frames</pre></div><a href='#' onClick='toggleBox("stack-trace13645394", this, "Click to show all stack frames", "Click to hide stack frames")'>Click to show all stack frames</a>
<div class='stack-trace' id='stack-trace13645394'><pre>org.openqa.selenium.NoSuchElementException: no such element: Unable to locate element: {&quot;method&quot;:&quot;xpath&quot;,&quot;selector&quot;:&quot;//table[@class=&apos;asset-details&apos;]/tbody/tr[1]/td&quot;}
  (Session info: chrome=61.0.3163.100)
  (Driver info: chromedriver=2.29.461591 (62ebf098771772160f391d75e589dc567915b233),platform=Windows NT 6.1.7601 SP1 x86_64) (WARNING: The server did not provide any stacktrace information)
Command duration or timeout: 30.01 seconds
For documentation on this error, please visit: http://seleniumhq.org/exceptions/no_such_element.html
Build info: version: &apos;3.4.0&apos;, revision: &apos;unknown&apos;, time: &apos;unknown&apos;
System info: host: &apos;PR020921&apos;, ip: &apos;10.120.2.124&apos;, os.name: &apos;Windows 7&apos;, os.arch: &apos;x86&apos;, os.version: &apos;6.1&apos;, java.version: &apos;1.8.0_131&apos;
Driver info: org.openqa.selenium.chrome.ChromeDriver
Capabilities [{applicationCacheEnabled=false, rotatable=false, mobileEmulationEnabled=false, networkConnectionEnabled=false, chrome={chromedriverVersion=2.29.461591 (62ebf098771772160f391d75e589dc567915b233), userDataDir=C:\Users\SVENKA~1\AppData\Local\Temp\scoped_dir5408_13392}, takesHeapSnapshot=true, pageLoadStrategy=normal, databaseEnabled=false, handlesAlerts=true, hasTouchScreen=false, version=61.0.3163.100, platform=XP, browserConnectionEnabled=false, nativeEvents=true, acceptSslCerts=true, locationContextEnabled=true, webStorageEnabled=true, browserName=chrome, takesScreenshot=true, javascriptEnabled=true, cssSelectorsEnabled=true, unexpectedAlertBehaviour=}]
Session ID: 66bcacd94a19ce53c1aa67faff27a9f4
*** Element info: {Using=xpath, value=//table[@class=&apos;asset-details&apos;]/tbody/tr[1]/td}
	at sun.reflect.NativeConstructorAccessorImpl.newInstance0(Native Method)
	at sun.reflect.NativeConstructorAccessorImpl.newInstance(NativeConstructorAccessorImpl.java:62)
	at sun.reflect.DelegatingConstructorAccessorImpl.newInstance(DelegatingConstructorAccessorImpl.java:45)
	at java.lang.reflect.Constructor.newInstance(Constructor.java:423)
	at org.openqa.selenium.remote.ErrorHandler.createThrowable(ErrorHandler.java:215)
	at org.openqa.selenium.remote.ErrorHandler.throwIfResponseFailed(ErrorHandler.java:167)
	at org.openqa.selenium.remote.RemoteWebDriver.execute(RemoteWebDriver.java:671)
	at org.openqa.selenium.remote.RemoteWebDriver.findElement(RemoteWebDriver.java:410)
	at org.openqa.selenium.remote.RemoteWebDriver.findElementByXPath(RemoteWebDriver.java:509)
	at wrapper.Wrapper_methods.getTextByXpath(Wrapper_methods.java:199)
	at discovery.BrowseOnTest.Records_Of_TNA.browseRecords(Records_Of_TNA.java:39)
	at sun.reflect.NativeMethodAccessorImpl.invoke0(Native Method)
	at sun.reflect.NativeMethodAccessorImpl.invoke(NativeMethodAccessorImpl.java:62)
	at sun.reflect.DelegatingMethodAccessorImpl.invoke(DelegatingMethodAccessorImpl.java:43)
	at java.lang.reflect.Method.invoke(Method.java:498)
	at org.testng.internal.MethodInvocationHelper.invokeMethod(MethodInvocationHelper.java:108)
	at org.testng.internal.Invoker.invokeMethod(Invoker.java:661)
	at org.testng.internal.Invoker.invokeTestMethod(Invoker.java:869)
	at org.testng.internal.Invoker.invokeTestMethods(Invoker.java:1193)
	at org.testng.internal.TestMethodWorker.invokeTestMethods(TestMethodWorker.java:126)
	at org.testng.internal.TestMethodWorker.run(TestMethodWorker.java:109)
	at org.testng.TestRunner.privateRun(TestRunner.java:744)
	at org.testng.TestRunner.run(TestRunner.java:602)
	at org.testng.SuiteRunner.runTest(SuiteRunner.java:380)
	at org.testng.SuiteRunner.runSequentially(SuiteRunner.java:375)
	at org.testng.SuiteRunner.privateRun(SuiteRunner.java:340)
	at org.testng.SuiteRunner.run(SuiteRunner.java:289)
	at org.testng.SuiteRunnerWorker.runSuite(SuiteRunnerWorker.java:52)
	at org.testng.SuiteRunnerWorker.run(SuiteRunnerWorker.java:86)
	at org.testng.TestNG.runSuitesSequentially(TestNG.java:1301)
	at org.testng.TestNG.runSuitesLocally(TestNG.java:1226)
	at org.testng.TestNG.runSuites(TestNG.java:1144)
	at org.testng.TestNG.run(TestNG.java:1115)
	at org.testng.remote.AbstractRemoteTestNG.run(AbstractRemoteTestNG.java:132)
	at org.testng.remote.RemoteTestNG.initAndRun(RemoteTestNG.java:230)
	at org.testng.remote.RemoteTestNG.main(RemoteTestNG.java:76)
</pre></div></td>
<td>43</td>
<td>discovery.BrowseOnTest.Records_Of_TNA@1d8db5a</td></tr>
<tr>
<td title='discovery.DetailPageOnTest.Verify_DetailPage_OnAllLevels.detailPgae()'><b>detailPgae</b><br>Test class: discovery.DetailPageOnTest.Verify_DetailPage_OnAllLevels</td>
<td><div><pre>org.openqa.selenium.NoSuchElementException: no such element: Unable to locate element: {&quot;method&quot;:&quot;css selector&quot;,&quot;selector&quot;:&quot;table.asset-details&quot;}
  (Session info: chrome=61.0.3163.100)
  (Driver info: chromedriver=2.29.461591 (62ebf098771772160f391d75e589dc567915b233),platform=Windows NT 6.1.7601 SP1 x86_64) (WARNING: The server did not provide any stacktrace information)
Command duration or timeout: 30.05 seconds
For documentation on this error, please visit: http://seleniumhq.org/exceptions/no_such_element.html
Build info: version: &apos;3.4.0&apos;, revision: &apos;unknown&apos;, time: &apos;unknown&apos;
System info: host: &apos;PR020921&apos;, ip: &apos;10.120.2.124&apos;, os.name: &apos;Windows 7&apos;, os.arch: &apos;x86&apos;, os.version: &apos;6.1&apos;, java.version: &apos;1.8.0_131&apos;
Driver info: org.openqa.selenium.chrome.ChromeDriver
Capabilities [{applicationCacheEnabled=false, rotatable=false, mobileEmulationEnabled=false, networkConnectionEnabled=false, chrome={chromedriverVersion=2.29.461591 (62ebf098771772160f391d75e589dc567915b233), userDataDir=C:\Users\SVENKA~1\AppData\Local\Temp\scoped_dir22068_16250}, takesHeapSnapshot=true, pageLoadStrategy=normal, databaseEnabled=false, handlesAlerts=true, hasTouchScreen=false, version=61.0.3163.100, platform=XP, browserConnectionEnabled=false, nativeEvents=true, acceptSslCerts=true, locationContextEnabled=true, webStorageEnabled=true, browserName=chrome, takesScreenshot=true, javascriptEnabled=true, cssSelectorsEnabled=true, unexpectedAlertBehaviour=}]
Session ID: 7931f39e9479a7369e8762df7efd924a
*** Element info: {Using=css selector, value=table.asset-details}
	at org.openqa.selenium.remote.ErrorHandler.createThrowable(ErrorHandler.java:215)
	at org.openqa.selenium.remote.ErrorHandler.throwIfResponseFailed(ErrorHandler.java:167)
	at org.openqa.selenium.remote.RemoteWebDriver.execute(RemoteWebDriver.java:671)
	at org.openqa.selenium.remote.RemoteWebDriver.findElement(RemoteWebDriver.java:410)
	at org.openqa.selenium.remote.RemoteWebDriver.findElementByCssSelector(RemoteWebDriver.java:501)
	at discovery.DetailPageOnTest.Verify_DetailPage_OnAllLevels.detailPgae(Verify_DetailPage_OnAllLevels.java:24)
... Removed 29 stack frames</pre></div><a href='#' onClick='toggleBox("stack-trace33183482", this, "Click to show all stack frames", "Click to hide stack frames")'>Click to show all stack frames</a>
<div class='stack-trace' id='stack-trace33183482'><pre>org.openqa.selenium.NoSuchElementException: no such element: Unable to locate element: {&quot;method&quot;:&quot;css selector&quot;,&quot;selector&quot;:&quot;table.asset-details&quot;}
  (Session info: chrome=61.0.3163.100)
  (Driver info: chromedriver=2.29.461591 (62ebf098771772160f391d75e589dc567915b233),platform=Windows NT 6.1.7601 SP1 x86_64) (WARNING: The server did not provide any stacktrace information)
Command duration or timeout: 30.05 seconds
For documentation on this error, please visit: http://seleniumhq.org/exceptions/no_such_element.html
Build info: version: &apos;3.4.0&apos;, revision: &apos;unknown&apos;, time: &apos;unknown&apos;
System info: host: &apos;PR020921&apos;, ip: &apos;10.120.2.124&apos;, os.name: &apos;Windows 7&apos;, os.arch: &apos;x86&apos;, os.version: &apos;6.1&apos;, java.version: &apos;1.8.0_131&apos;
Driver info: org.openqa.selenium.chrome.ChromeDriver
Capabilities [{applicationCacheEnabled=false, rotatable=false, mobileEmulationEnabled=false, networkConnectionEnabled=false, chrome={chromedriverVersion=2.29.461591 (62ebf098771772160f391d75e589dc567915b233), userDataDir=C:\Users\SVENKA~1\AppData\Local\Temp\scoped_dir22068_16250}, takesHeapSnapshot=true, pageLoadStrategy=normal, databaseEnabled=false, handlesAlerts=true, hasTouchScreen=false, version=61.0.3163.100, platform=XP, browserConnectionEnabled=false, nativeEvents=true, acceptSslCerts=true, locationContextEnabled=true, webStorageEnabled=true, browserName=chrome, takesScreenshot=true, javascriptEnabled=true, cssSelectorsEnabled=true, unexpectedAlertBehaviour=}]
Session ID: 7931f39e9479a7369e8762df7efd924a
*** Element info: {Using=css selector, value=table.asset-details}
	at sun.reflect.NativeConstructorAccessorImpl.newInstance0(Native Method)
	at sun.reflect.NativeConstructorAccessorImpl.newInstance(NativeConstructorAccessorImpl.java:62)
	at sun.reflect.DelegatingConstructorAccessorImpl.newInstance(DelegatingConstructorAccessorImpl.java:45)
	at java.lang.reflect.Constructor.newInstance(Constructor.java:423)
	at org.openqa.selenium.remote.ErrorHandler.createThrowable(ErrorHandler.java:215)
	at org.openqa.selenium.remote.ErrorHandler.throwIfResponseFailed(ErrorHandler.java:167)
	at org.openqa.selenium.remote.RemoteWebDriver.execute(RemoteWebDriver.java:671)
	at org.openqa.selenium.remote.RemoteWebDriver.findElement(RemoteWebDriver.java:410)
	at org.openqa.selenium.remote.RemoteWebDriver.findElementByCssSelector(RemoteWebDriver.java:501)
	at discovery.DetailPageOnTest.Verify_DetailPage_OnAllLevels.detailPgae(Verify_DetailPage_OnAllLevels.java:24)
	at sun.reflect.NativeMethodAccessorImpl.invoke0(Native Method)
	at sun.reflect.NativeMethodAccessorImpl.invoke(NativeMethodAccessorImpl.java:62)
	at sun.reflect.DelegatingMethodAccessorImpl.invoke(DelegatingMethodAccessorImpl.java:43)
	at java.lang.reflect.Method.invoke(Method.java:498)
	at org.testng.internal.MethodInvocationHelper.invokeMethod(MethodInvocationHelper.java:108)
	at org.testng.internal.Invoker.invokeMethod(Invoker.java:661)
	at org.testng.internal.Invoker.invokeTestMethod(Invoker.java:869)
	at org.testng.internal.Invoker.invokeTestMethods(Invoker.java:1193)
	at org.testng.internal.TestMethodWorker.invokeTestMethods(TestMethodWorker.java:126)
	at org.testng.internal.TestMethodWorker.run(TestMethodWorker.java:109)
	at org.testng.TestRunner.privateRun(TestRunner.java:744)
	at org.testng.TestRunner.run(TestRunner.java:602)
	at org.testng.SuiteRunner.runTest(SuiteRunner.java:380)
	at org.testng.SuiteRunner.runSequentially(SuiteRunner.java:375)
	at org.testng.SuiteRunner.privateRun(SuiteRunner.java:340)
	at org.testng.SuiteRunner.run(SuiteRunner.java:289)
	at org.testng.SuiteRunnerWorker.runSuite(SuiteRunnerWorker.java:52)
	at org.testng.SuiteRunnerWorker.run(SuiteRunnerWorker.java:86)
	at org.testng.TestNG.runSuitesSequentially(TestNG.java:1301)
	at org.testng.TestNG.runSuitesLocally(TestNG.java:1226)
	at org.testng.TestNG.runSuites(TestNG.java:1144)
	at org.testng.TestNG.run(TestNG.java:1115)
	at org.testng.remote.AbstractRemoteTestNG.run(AbstractRemoteTestNG.java:132)
	at org.testng.remote.RemoteTestNG.initAndRun(RemoteTestNG.java:230)
	at org.testng.remote.RemoteTestNG.main(RemoteTestNG.java:76)
</pre></div></td>
<td>40</td>
<td>discovery.DetailPageOnTest.Verify_DetailPage_OnAllLevels@feb982</td></tr>
<tr>
<td title='dicovery.DeliveryOption.govtWebArchive.govtWebArchive()'><b>govtWebArchive</b><br>Test class: dicovery.DeliveryOption.govtWebArchive</td>
<td><div><pre>org.openqa.selenium.NoSuchElementException: no such element: Unable to locate element: {&quot;method&quot;:&quot;xpath&quot;,&quot;selector&quot;:&quot;(//div[@class=&apos;order-option-wrapper&apos;])&quot;}
  (Session info: chrome=61.0.3163.100)
  (Driver info: chromedriver=2.29.461591 (62ebf098771772160f391d75e589dc567915b233),platform=Windows NT 6.1.7601 SP1 x86_64) (WARNING: The server did not provide any stacktrace information)
Command duration or timeout: 30.06 seconds
For documentation on this error, please visit: http://seleniumhq.org/exceptions/no_such_element.html
Build info: version: &apos;3.4.0&apos;, revision: &apos;unknown&apos;, time: &apos;unknown&apos;
System info: host: &apos;PR020921&apos;, ip: &apos;10.120.2.124&apos;, os.name: &apos;Windows 7&apos;, os.arch: &apos;x86&apos;, os.version: &apos;6.1&apos;, java.version: &apos;1.8.0_131&apos;
Driver info: org.openqa.selenium.chrome.ChromeDriver
Capabilities [{applicationCacheEnabled=false, rotatable=false, mobileEmulationEnabled=false, networkConnectionEnabled=false, chrome={chromedriverVersion=2.29.461591 (62ebf098771772160f391d75e589dc567915b233), userDataDir=C:\Users\SVENKA~1\AppData\Local\Temp\scoped_dir12892_23222}, takesHeapSnapshot=true, pageLoadStrategy=normal, databaseEnabled=false, handlesAlerts=true, hasTouchScreen=false, version=61.0.3163.100, platform=XP, browserConnectionEnabled=false, nativeEvents=true, acceptSslCerts=true, locationContextEnabled=true, webStorageEnabled=true, browserName=chrome, takesScreenshot=true, javascriptEnabled=true, cssSelectorsEnabled=true, unexpectedAlertBehaviour=}]
Session ID: 4c73e06366ada0382c253f1236c975da
*** Element info: {Using=xpath, value=(//div[@class=&apos;order-option-wrapper&apos;])}
	at org.openqa.selenium.remote.ErrorHandler.createThrowable(ErrorHandler.java:215)
	at org.openqa.selenium.remote.ErrorHandler.throwIfResponseFailed(ErrorHandler.java:167)
	at org.openqa.selenium.remote.RemoteWebDriver.execute(RemoteWebDriver.java:671)
	at org.openqa.selenium.remote.RemoteWebDriver.findElement(RemoteWebDriver.java:410)
	at org.openqa.selenium.remote.RemoteWebDriver.findElementByXPath(RemoteWebDriver.java:509)
	at dicovery.DeliveryOption.govtWebArchive.govtWebArchive(govtWebArchive.java:43)
... Removed 29 stack frames</pre></div><a href='#' onClick='toggleBox("stack-trace26693658", this, "Click to show all stack frames", "Click to hide stack frames")'>Click to show all stack frames</a>
<div class='stack-trace' id='stack-trace26693658'><pre>org.openqa.selenium.NoSuchElementException: no such element: Unable to locate element: {&quot;method&quot;:&quot;xpath&quot;,&quot;selector&quot;:&quot;(//div[@class=&apos;order-option-wrapper&apos;])&quot;}
  (Session info: chrome=61.0.3163.100)
  (Driver info: chromedriver=2.29.461591 (62ebf098771772160f391d75e589dc567915b233),platform=Windows NT 6.1.7601 SP1 x86_64) (WARNING: The server did not provide any stacktrace information)
Command duration or timeout: 30.06 seconds
For documentation on this error, please visit: http://seleniumhq.org/exceptions/no_such_element.html
Build info: version: &apos;3.4.0&apos;, revision: &apos;unknown&apos;, time: &apos;unknown&apos;
System info: host: &apos;PR020921&apos;, ip: &apos;10.120.2.124&apos;, os.name: &apos;Windows 7&apos;, os.arch: &apos;x86&apos;, os.version: &apos;6.1&apos;, java.version: &apos;1.8.0_131&apos;
Driver info: org.openqa.selenium.chrome.ChromeDriver
Capabilities [{applicationCacheEnabled=false, rotatable=false, mobileEmulationEnabled=false, networkConnectionEnabled=false, chrome={chromedriverVersion=2.29.461591 (62ebf098771772160f391d75e589dc567915b233), userDataDir=C:\Users\SVENKA~1\AppData\Local\Temp\scoped_dir12892_23222}, takesHeapSnapshot=true, pageLoadStrategy=normal, databaseEnabled=false, handlesAlerts=true, hasTouchScreen=false, version=61.0.3163.100, platform=XP, browserConnectionEnabled=false, nativeEvents=true, acceptSslCerts=true, locationContextEnabled=true, webStorageEnabled=true, browserName=chrome, takesScreenshot=true, javascriptEnabled=true, cssSelectorsEnabled=true, unexpectedAlertBehaviour=}]
Session ID: 4c73e06366ada0382c253f1236c975da
*** Element info: {Using=xpath, value=(//div[@class=&apos;order-option-wrapper&apos;])}
	at sun.reflect.NativeConstructorAccessorImpl.newInstance0(Native Method)
	at sun.reflect.NativeConstructorAccessorImpl.newInstance(NativeConstructorAccessorImpl.java:62)
	at sun.reflect.DelegatingConstructorAccessorImpl.newInstance(DelegatingConstructorAccessorImpl.java:45)
	at java.lang.reflect.Constructor.newInstance(Constructor.java:423)
	at org.openqa.selenium.remote.ErrorHandler.createThrowable(ErrorHandler.java:215)
	at org.openqa.selenium.remote.ErrorHandler.throwIfResponseFailed(ErrorHandler.java:167)
	at org.openqa.selenium.remote.RemoteWebDriver.execute(RemoteWebDriver.java:671)
	at org.openqa.selenium.remote.RemoteWebDriver.findElement(RemoteWebDriver.java:410)
	at org.openqa.selenium.remote.RemoteWebDriver.findElementByXPath(RemoteWebDriver.java:509)
	at dicovery.DeliveryOption.govtWebArchive.govtWebArchive(govtWebArchive.java:43)
	at sun.reflect.NativeMethodAccessorImpl.invoke0(Native Method)
	at sun.reflect.NativeMethodAccessorImpl.invoke(NativeMethodAccessorImpl.java:62)
	at sun.reflect.DelegatingMethodAccessorImpl.invoke(DelegatingMethodAccessorImpl.java:43)
	at java.lang.reflect.Method.invoke(Method.java:498)
	at org.testng.internal.MethodInvocationHelper.invokeMethod(MethodInvocationHelper.java:108)
	at org.testng.internal.Invoker.invokeMethod(Invoker.java:661)
	at org.testng.internal.Invoker.invokeTestMethod(Invoker.java:869)
	at org.testng.internal.Invoker.invokeTestMethods(Invoker.java:1193)
	at org.testng.internal.TestMethodWorker.invokeTestMethods(TestMethodWorker.java:126)
	at org.testng.internal.TestMethodWorker.run(TestMethodWorker.java:109)
	at org.testng.TestRunner.privateRun(TestRunner.java:744)
	at org.testng.TestRunner.run(TestRunner.java:602)
	at org.testng.SuiteRunner.runTest(SuiteRunner.java:380)
	at org.testng.SuiteRunner.runSequentially(SuiteRunner.java:375)
	at org.testng.SuiteRunner.privateRun(SuiteRunner.java:340)
	at org.testng.SuiteRunner.run(SuiteRunner.java:289)
	at org.testng.SuiteRunnerWorker.runSuite(SuiteRunnerWorker.java:52)
	at org.testng.SuiteRunnerWorker.run(SuiteRunnerWorker.java:86)
	at org.testng.TestNG.runSuitesSequentially(TestNG.java:1301)
	at org.testng.TestNG.runSuitesLocally(TestNG.java:1226)
	at org.testng.TestNG.runSuites(TestNG.java:1144)
	at org.testng.TestNG.run(TestNG.java:1115)
	at org.testng.remote.AbstractRemoteTestNG.run(AbstractRemoteTestNG.java:132)
	at org.testng.remote.RemoteTestNG.initAndRun(RemoteTestNG.java:230)
	at org.testng.remote.RemoteTestNG.main(RemoteTestNG.java:76)
</pre></div></td>
<td>35</td>
<td>dicovery.DeliveryOption.govtWebArchive@11276c2</td></tr>
<tr>
<td title='discovery.DetailPageOnTest.Verify_DetailPage_OnSeriesLevel.series_Serach()'><b>series_Serach</b><br>Test class: discovery.DetailPageOnTest.Verify_DetailPage_OnSeriesLevel</td>
<td><div><pre>org.openqa.selenium.NoSuchElementException: no such element: Unable to locate element: {&quot;method&quot;:&quot;id&quot;,&quot;selector&quot;:&quot;FirstName&quot;}
  (Session info: chrome=61.0.3163.100)
  (Driver info: chromedriver=2.29.461591 (62ebf098771772160f391d75e589dc567915b233),platform=Windows NT 6.1.7601 SP1 x86_64) (WARNING: The server did not provide any stacktrace information)
Command duration or timeout: 30.01 seconds
For documentation on this error, please visit: http://seleniumhq.org/exceptions/no_such_element.html
Build info: version: &apos;3.4.0&apos;, revision: &apos;unknown&apos;, time: &apos;unknown&apos;
System info: host: &apos;PR020921&apos;, ip: &apos;10.120.2.124&apos;, os.name: &apos;Windows 7&apos;, os.arch: &apos;x86&apos;, os.version: &apos;6.1&apos;, java.version: &apos;1.8.0_131&apos;
Driver info: org.openqa.selenium.chrome.ChromeDriver
Capabilities [{applicationCacheEnabled=false, rotatable=false, mobileEmulationEnabled=false, networkConnectionEnabled=false, chrome={chromedriverVersion=2.29.461591 (62ebf098771772160f391d75e589dc567915b233), userDataDir=C:\Users\SVENKA~1\AppData\Local\Temp\scoped_dir5756_10475}, takesHeapSnapshot=true, pageLoadStrategy=normal, databaseEnabled=false, handlesAlerts=true, hasTouchScreen=false, version=61.0.3163.100, platform=XP, browserConnectionEnabled=false, nativeEvents=true, acceptSslCerts=true, locationContextEnabled=true, webStorageEnabled=true, browserName=chrome, takesScreenshot=true, javascriptEnabled=true, cssSelectorsEnabled=true, unexpectedAlertBehaviour=}]
Session ID: 6da25b2605baf09576f8ec9c02361017
*** Element info: {Using=id, value=FirstName}
	at org.openqa.selenium.remote.ErrorHandler.createThrowable(ErrorHandler.java:215)
	at org.openqa.selenium.remote.ErrorHandler.throwIfResponseFailed(ErrorHandler.java:167)
	at org.openqa.selenium.remote.RemoteWebDriver.execute(RemoteWebDriver.java:671)
	at org.openqa.selenium.remote.RemoteWebDriver.findElement(RemoteWebDriver.java:410)
	at org.openqa.selenium.remote.RemoteWebDriver.findElementById(RemoteWebDriver.java:453)
	at wrapper.Wrapper_methods.enterTextById(Wrapper_methods.java:59)
	at discovery.DetailPageOnTest.Verify_DetailPage_OnSeriesLevel.series_Serach(Verify_DetailPage_OnSeriesLevel.java:19)
... Removed 29 stack frames</pre></div><a href='#' onClick='toggleBox("stack-trace8985511", this, "Click to show all stack frames", "Click to hide stack frames")'>Click to show all stack frames</a>
<div class='stack-trace' id='stack-trace8985511'><pre>org.openqa.selenium.NoSuchElementException: no such element: Unable to locate element: {&quot;method&quot;:&quot;id&quot;,&quot;selector&quot;:&quot;FirstName&quot;}
  (Session info: chrome=61.0.3163.100)
  (Driver info: chromedriver=2.29.461591 (62ebf098771772160f391d75e589dc567915b233),platform=Windows NT 6.1.7601 SP1 x86_64) (WARNING: The server did not provide any stacktrace information)
Command duration or timeout: 30.01 seconds
For documentation on this error, please visit: http://seleniumhq.org/exceptions/no_such_element.html
Build info: version: &apos;3.4.0&apos;, revision: &apos;unknown&apos;, time: &apos;unknown&apos;
System info: host: &apos;PR020921&apos;, ip: &apos;10.120.2.124&apos;, os.name: &apos;Windows 7&apos;, os.arch: &apos;x86&apos;, os.version: &apos;6.1&apos;, java.version: &apos;1.8.0_131&apos;
Driver info: org.openqa.selenium.chrome.ChromeDriver
Capabilities [{applicationCacheEnabled=false, rotatable=false, mobileEmulationEnabled=false, networkConnectionEnabled=false, chrome={chromedriverVersion=2.29.461591 (62ebf098771772160f391d75e589dc567915b233), userDataDir=C:\Users\SVENKA~1\AppData\Local\Temp\scoped_dir5756_10475}, takesHeapSnapshot=true, pageLoadStrategy=normal, databaseEnabled=false, handlesAlerts=true, hasTouchScreen=false, version=61.0.3163.100, platform=XP, browserConnectionEnabled=false, nativeEvents=true, acceptSslCerts=true, locationContextEnabled=true, webStorageEnabled=true, browserName=chrome, takesScreenshot=true, javascriptEnabled=true, cssSelectorsEnabled=true, unexpectedAlertBehaviour=}]
Session ID: 6da25b2605baf09576f8ec9c02361017
*** Element info: {Using=id, value=FirstName}
	at sun.reflect.NativeConstructorAccessorImpl.newInstance0(Native Method)
	at sun.reflect.NativeConstructorAccessorImpl.newInstance(NativeConstructorAccessorImpl.java:62)
	at sun.reflect.DelegatingConstructorAccessorImpl.newInstance(DelegatingConstructorAccessorImpl.java:45)
	at java.lang.reflect.Constructor.newInstance(Constructor.java:423)
	at org.openqa.selenium.remote.ErrorHandler.createThrowable(ErrorHandler.java:215)
	at org.openqa.selenium.remote.ErrorHandler.throwIfResponseFailed(ErrorHandler.java:167)
	at org.openqa.selenium.remote.RemoteWebDriver.execute(RemoteWebDriver.java:671)
	at org.openqa.selenium.remote.RemoteWebDriver.findElement(RemoteWebDriver.java:410)
	at org.openqa.selenium.remote.RemoteWebDriver.findElementById(RemoteWebDriver.java:453)
	at wrapper.Wrapper_methods.enterTextById(Wrapper_methods.java:59)
	at discovery.DetailPageOnTest.Verify_DetailPage_OnSeriesLevel.series_Serach(Verify_DetailPage_OnSeriesLevel.java:19)
	at sun.reflect.NativeMethodAccessorImpl.invoke0(Native Method)
	at sun.reflect.NativeMethodAccessorImpl.invoke(NativeMethodAccessorImpl.java:62)
	at sun.reflect.DelegatingMethodAccessorImpl.invoke(DelegatingMethodAccessorImpl.java:43)
	at java.lang.reflect.Method.invoke(Method.java:498)
	at org.testng.internal.MethodInvocationHelper.invokeMethod(MethodInvocationHelper.java:108)
	at org.testng.internal.Invoker.invokeMethod(Invoker.java:661)
	at org.testng.internal.Invoker.invokeTestMethod(Invoker.java:869)
	at org.testng.internal.Invoker.invokeTestMethods(Invoker.java:1193)
	at org.testng.internal.TestMethodWorker.invokeTestMethods(TestMethodWorker.java:126)
	at org.testng.internal.TestMethodWorker.run(TestMethodWorker.java:109)
	at org.testng.TestRunner.privateRun(TestRunner.java:744)
	at org.testng.TestRunner.run(TestRunner.java:602)
	at org.testng.SuiteRunner.runTest(SuiteRunner.java:380)
	at org.testng.SuiteRunner.runSequentially(SuiteRunner.java:375)
	at org.testng.SuiteRunner.privateRun(SuiteRunner.java:340)
	at org.testng.SuiteRunner.run(SuiteRunner.java:289)
	at org.testng.SuiteRunnerWorker.runSuite(SuiteRunnerWorker.java:52)
	at org.testng.SuiteRunnerWorker.run(SuiteRunnerWorker.java:86)
	at org.testng.TestNG.runSuitesSequentially(TestNG.java:1301)
	at org.testng.TestNG.runSuitesLocally(TestNG.java:1226)
	at org.testng.TestNG.runSuites(TestNG.java:1144)
	at org.testng.TestNG.run(TestNG.java:1115)
	at org.testng.remote.AbstractRemoteTestNG.run(AbstractRemoteTestNG.java:132)
	at org.testng.remote.RemoteTestNG.initAndRun(RemoteTestNG.java:230)
	at org.testng.remote.RemoteTestNG.main(RemoteTestNG.java:76)
</pre></div></td>
<td>38</td>
<td>discovery.DetailPageOnTest.Verify_DetailPage_OnSeriesLevel@765367</td></tr>
</table><p>
<table width='100%' border='1' class='invocation-passed'>
<tr><td colspan='4' align='center'><b>PASSED TESTS</b></td></tr>
<tr><td><b>Test method</b></td>
<td width="30%"><b>Exception</b></td>
<td width="10%"><b>Time (seconds)</b></td>
<td><b>Instance</b></td>
</tr>
<tr>
<td title='discovery.Sar.Sar_AB7190VisitTheDepartmentWebsite.AB7190VisitTheDepartmentWebsite()'><b>AB7190VisitTheDepartmentWebsite</b><br>Test class: discovery.Sar.Sar_AB7190VisitTheDepartmentWebsite</td>
<td></td>
<td>10</td>
<td>discovery.Sar.Sar_AB7190VisitTheDepartmentWebsite@95a785</td></tr>
<tr>
<td title='dicovery.DeliveryOption.AV_Media.AV_Media()'><b>AV_Media</b><br>Test class: dicovery.DeliveryOption.AV_Media</td>
<td></td>
<td>11</td>
<td>dicovery.DeliveryOption.AV_Media@8806ef</td></tr>
<tr>
<td title='discovery.FindAnAichiveOnTest.FA_BrowseByCountryName.BrowseCountryname()'><b>BrowseCountryname</b><br>Test class: discovery.FindAnAichiveOnTest.FA_BrowseByCountryName</td>
<td></td>
<td>9</td>
<td>discovery.FindAnAichiveOnTest.FA_BrowseByCountryName@cd072c</td></tr>
<tr>
<td title='discovery.FindAnAichiveOnTest.FA_BrowseByCountryName.BrowseCountryname2()'><b>BrowseCountryname2</b><br>Test class: discovery.FindAnAichiveOnTest.FA_BrowseByCountryName</td>
<td></td>
<td>9</td>
<td>discovery.FindAnAichiveOnTest.FA_BrowseByCountryName@cd072c</td></tr>
<tr>
<td title='discovery.FindAnAichiveOnTest.FA_UsingMap.BrowseCountryname2()'><b>BrowseCountryname2</b><br>Test class: discovery.FindAnAichiveOnTest.FA_UsingMap</td>
<td></td>
<td>6</td>
<td>discovery.FindAnAichiveOnTest.FA_UsingMap@8931cf</td></tr>
<tr>
<td title='discovery.BrowseOnTest.Browse_Archives.Browse_Archives()'><b>Browse_Archives</b><br>Test class: discovery.BrowseOnTest.Browse_Archives</td>
<td></td>
<td>11</td>
<td>discovery.BrowseOnTest.Browse_Archives@1d677df</td></tr>
<tr>
<td title='discovery.ManorSearchOnTest.MS_ByMonor_VerifyRecordsCreator.ByMonor_VerifyRecordsCreator()'><b>ByMonor_VerifyRecordsCreator</b><br>Test class: discovery.ManorSearchOnTest.MS_ByMonor_VerifyRecordsCreator</td>
<td></td>
<td>27</td>
<td>discovery.ManorSearchOnTest.MS_ByMonor_VerifyRecordsCreator@a3107a</td></tr>
<tr>
<td title='discovery.Sar.Sar_CAB1343025Retention.CAB1343025Retention()'><b>CAB1343025Retention</b><br>Test class: discovery.Sar.Sar_CAB1343025Retention</td>
<td></td>
<td>9</td>
<td>discovery.Sar.Sar_CAB1343025Retention@4f6be2</td></tr>
<tr>
<td title='discovery.Ecommerce.CertifiedNaturalisationRequest.CertifiedNaturalisationRequest()'><b>CertifiedNaturalisationRequest</b><br>Test class: discovery.Ecommerce.CertifiedNaturalisationRequest</td>
<td></td>
<td>42</td>
<td>discovery.Ecommerce.CertifiedNaturalisationRequest@129cf23</td></tr>
<tr>
<td title='discovery.SingleSignOnTest.SS_CreateAccount_ChangeEmail_ChangePassword_DeleteAccount.CreateAccount_ChangeEmail_ChangePassword_DeleteAccount()'><b>CreateAccount_ChangeEmail_ChangePassword_DeleteAccount</b><br>Test class: discovery.SingleSignOnTest.SS_CreateAccount_ChangeEmail_ChangePassword_DeleteAccount</td>
<td></td>
<td>40</td>
<td>discovery.SingleSignOnTest.SS_CreateAccount_ChangeEmail_ChangePassword_DeleteAccount@742aa2</td></tr>
<tr>
<td title='discovery.AdvancedSearchOnTest.AS_RecordCreator_CreatorType_CheckBox_Years.CreatorType_CheckBox_Years()'><b>CreatorType_CheckBox_Years</b><br>Test class: discovery.AdvancedSearchOnTest.AS_RecordCreator_CreatorType_CheckBox_Years</td>
<td></td>
<td>29</td>
<td>discovery.AdvancedSearchOnTest.AS_RecordCreator_CreatorType_CheckBox_Years@1579e0f</td></tr>
<tr>
<td title='discovery.AdvancedSearchOnTest.AS_RecordCreator_CreatorType_DateRange.CreatorType_DateRange()'><b>CreatorType_DateRange</b><br>Test class: discovery.AdvancedSearchOnTest.AS_RecordCreator_CreatorType_DateRange</td>
<td></td>
<td>24</td>
<td>discovery.AdvancedSearchOnTest.AS_RecordCreator_CreatorType_DateRange@d41cee</td></tr>
<tr>
<td title='discovery.Sar.Sar_DPP23289FoiRequest.DPP23289FoiRequest()'><b>DPP23289FoiRequest</b><br>Test class: discovery.Sar.Sar_DPP23289FoiRequest</td>
<td></td>
<td>9</td>
<td>discovery.Sar.Sar_DPP23289FoiRequest@aac163</td></tr>
<tr>
<td title='discovery.AdvancedSearchOnTest.AS_Records_DateRange_SearchAll.DateRange_SearchAll()'><b>DateRange_SearchAll</b><br>Test class: discovery.AdvancedSearchOnTest.AS_Records_DateRange_SearchAll</td>
<td></td>
<td>19</td>
<td>discovery.AdvancedSearchOnTest.AS_Records_DateRange_SearchAll@1712b94</td></tr>
<tr>
<td title='discovery.DetailPageOnTest.DetailPage_ErrorOnRecordDescription.DetailPage_ErrorOnRecordDescription()'><b>DetailPage_ErrorOnRecordDescription</b><br>Test class: discovery.DetailPageOnTest.DetailPage_ErrorOnRecordDescription</td>
<td></td>
<td>14</td>
<td>discovery.DetailPageOnTest.DetailPage_ErrorOnRecordDescription@b0bfab</td></tr>
<tr>
<td title='discovery.Ecommerce.DigitizedAddToBasket.DigitizedAddToBasket()'><b>DigitizedAddToBasket</b><br>Test class: discovery.Ecommerce.DigitizedAddToBasket</td>
<td></td>
<td>38</td>
<td>discovery.Ecommerce.DigitizedAddToBasket@1282abb</td></tr>
<tr>
<td title='dicovery.DeliveryOption.DigitizedDiscoveryForSurrogate.DigitizedDiscoveryForSurrogate()'><b>DigitizedDiscoveryForSurrogate</b><br>Test class: dicovery.DeliveryOption.DigitizedDiscoveryForSurrogate</td>
<td></td>
<td>20</td>
<td>dicovery.DeliveryOption.DigitizedDiscoveryForSurrogate@6d1014</td></tr>
<tr>
<td title='dicovery.DeliveryOption.displayAtMuseum.DisplayAtMuseum()'><b>DisplayAtMuseum</b><br>Test class: dicovery.DeliveryOption.displayAtMuseum</td>
<td></td>
<td>14</td>
<td>dicovery.DeliveryOption.displayAtMuseum@14e1548</td></tr>
<tr>
<td title='discovery.Ecommerce.Dsa1939registerClickNo.Dsa1939registerClickNo()'><b>Dsa1939registerClickNo</b><br>Test class: discovery.Ecommerce.Dsa1939registerClickNo</td>
<td></td>
<td>74</td>
<td>discovery.Ecommerce.Dsa1939registerClickNo@7fdd33</td></tr>
<tr>
<td title='discovery.Ecommerce.Dsa1939registerClickYes.Dsa1939registerClickYes()'><b>Dsa1939registerClickYes</b><br>Test class: discovery.Ecommerce.Dsa1939registerClickYes</td>
<td></td>
<td>61</td>
<td>discovery.Ecommerce.Dsa1939registerClickYes@965684</td></tr>
<tr>
<td title='discovery.BasicSearchOnTest.BS_LessThan10000_Export1000RecordCreatorAsXML.Export1000RecordCreatorAsXML()'><b>Export1000RecordCreatorAsXML</b><br>Test class: discovery.BasicSearchOnTest.BS_LessThan10000_Export1000RecordCreatorAsXML</td>
<td></td>
<td>35</td>
<td>discovery.BasicSearchOnTest.BS_LessThan10000_Export1000RecordCreatorAsXML@4a52ec</td></tr>
<tr>
<td title='discovery.BasicSearchOnTest.BS_LessThan10000_Export1000RecordsAsXML.Export1000RecordsAsXML()'><b>Export1000RecordsAsXML</b><br>Test class: discovery.BasicSearchOnTest.BS_LessThan10000_Export1000RecordsAsXML</td>
<td></td>
<td>43</td>
<td>discovery.BasicSearchOnTest.BS_LessThan10000_Export1000RecordsAsXML@e52dcd</td></tr>
<tr>
<td title='discovery.FindAnAichiveOnTest.FA_Export1000RecordsAsXML.Export1000RecordsAsXML()'><b>Export1000RecordsAsXML</b><br>Test class: discovery.FindAnAichiveOnTest.FA_Export1000RecordsAsXML</td>
<td></td>
<td>34</td>
<td>discovery.FindAnAichiveOnTest.FA_Export1000RecordsAsXML@a1a8d5</td></tr>
<tr>
<td title='discovery.BasicSearchOnTest.BS_LessThan10000_ExportAllRecordCreatorsAsCSV.ExportAllRecordCreatorsAsCSV()'><b>ExportAllRecordCreatorsAsCSV</b><br>Test class: discovery.BasicSearchOnTest.BS_LessThan10000_ExportAllRecordCreatorsAsCSV</td>
<td></td>
<td>44</td>
<td>discovery.BasicSearchOnTest.BS_LessThan10000_ExportAllRecordCreatorsAsCSV@93d195</td></tr>
<tr>
<td title='discovery.FindAnAichiveOnTest.FA_ExportAllRecordsAsCSV.ExportAllRecordsAsCSV()'><b>ExportAllRecordsAsCSV</b><br>Test class: discovery.FindAnAichiveOnTest.FA_ExportAllRecordsAsCSV</td>
<td></td>
<td>32</td>
<td>discovery.FindAnAichiveOnTest.FA_ExportAllRecordsAsCSV@1563da5</td></tr>
<tr>
<td title='discovery.BasicSearchOnTest.BS_GreaterThan10000_ExportFirst1000RecordCreatorAsHTML.ExportFirst1000RecordCreatorAsHTML()'><b>ExportFirst1000RecordCreatorAsHTML</b><br>Test class: discovery.BasicSearchOnTest.BS_GreaterThan10000_ExportFirst1000RecordCreatorAsHTML</td>
<td></td>
<td>31</td>
<td>discovery.BasicSearchOnTest.BS_GreaterThan10000_ExportFirst1000RecordCreatorAsHTML@f2b07d</td></tr>
<tr>
<td title='discovery.FindAnAichiveOnTest.FA_ExportFirst1000RecordCreatorAsHTML.ExportFirst1000RecordCreatorAsHTML()'><b>ExportFirst1000RecordCreatorAsHTML</b><br>Test class: discovery.FindAnAichiveOnTest.FA_ExportFirst1000RecordCreatorAsHTML</td>
<td></td>
<td>38</td>
<td>discovery.FindAnAichiveOnTest.FA_ExportFirst1000RecordCreatorAsHTML@1bf4b8b</td></tr>
<tr>
<td title='discovery.AdvancedSearchOnTest.AS_Search_Find_DontFindWord.Find_DontFindWord()'><b>Find_DontFindWord</b><br>Test class: discovery.AdvancedSearchOnTest.AS_Search_Find_DontFindWord</td>
<td></td>
<td>14</td>
<td>discovery.AdvancedSearchOnTest.AS_Search_Find_DontFindWord@18f65a4</td></tr>
<tr>
<td title='discovery.Ecommerce.Foi1939register.Foi1939register()'><b>Foi1939register</b><br>Test class: discovery.Ecommerce.Foi1939register</td>
<td></td>
<td>53</td>
<td>discovery.Ecommerce.Foi1939register@195d2a2</td></tr>
<tr>
<td title='discovery.ManorSearchOnTest.MS_ForMonorDocuments_VerifyRecords.ForMonorDocuments_VerifyRecords()'><b>ForMonorDocuments_VerifyRecords</b><br>Test class: discovery.ManorSearchOnTest.MS_ForMonorDocuments_VerifyRecords</td>
<td></td>
<td>35</td>
<td>discovery.ManorSearchOnTest.MS_ForMonorDocuments_VerifyRecords@14c4973</td></tr>
<tr>
<td title='discovery.FindAnAichiveOnTest.FA_HomeNation.FourthHomeNation()'><b>FourthHomeNation</b><br>Test class: discovery.FindAnAichiveOnTest.FA_HomeNation</td>
<td></td>
<td>7</td>
<td>discovery.FindAnAichiveOnTest.FA_HomeNation@1aeada1</td></tr>
<tr>
<td title='discovery.Sar.Sar_HO4051079FoiRequest.HO4051079FoiRequest()'><b>HO4051079FoiRequest</b><br>Test class: discovery.Sar.Sar_HO4051079FoiRequest</td>
<td></td>
<td>9</td>
<td>discovery.Sar.Sar_HO4051079FoiRequest@17030a6</td></tr>
<tr>
<td title='discovery.Sar.Sar_HO45237211FoiRequest.HO45237211FoiRequest()'><b>HO45237211FoiRequest</b><br>Test class: discovery.Sar.Sar_HO45237211FoiRequest</td>
<td></td>
<td>9</td>
<td>discovery.Sar.Sar_HO45237211FoiRequest@1c0542</td></tr>
<tr>
<td title='discovery.Ecommerce.HomeGuard.HomeGuard()'><b>HomeGuard</b><br>Test class: discovery.Ecommerce.HomeGuard</td>
<td></td>
<td>53</td>
<td>discovery.Ecommerce.HomeGuard@1088d51</td></tr>
<tr>
<td title='discovery.Sar.Sar_J24312FoiRequest.J24312FoiRequest()'><b>J24312FoiRequest</b><br>Test class: discovery.Sar.Sar_J24312FoiRequest</td>
<td></td>
<td>9</td>
<td>discovery.Sar.Sar_J24312FoiRequest@16f6598</td></tr>
<tr>
<td title='discovery.Sar.Sar_LEV2226ZFoiRequest.LEV2226ZFoiRequest()'><b>LEV2226ZFoiRequest</b><br>Test class: discovery.Sar.Sar_LEV2226ZFoiRequest</td>
<td></td>
<td>9</td>
<td>discovery.Sar.Sar_LEV2226ZFoiRequest@14e1a0f</td></tr>
<tr>
<td title='discovery.BasicSearchOnTest.BS_LessThan10000ExportAllRecordsAsCSV.LessThan10000ExportAllRecordsAsCSV()'><b>LessThan10000ExportAllRecordsAsCSV</b><br>Test class: discovery.BasicSearchOnTest.BS_LessThan10000ExportAllRecordsAsCSV</td>
<td></td>
<td>44</td>
<td>discovery.BasicSearchOnTest.BS_LessThan10000ExportAllRecordsAsCSV@32c52b</td></tr>
<tr>
<td title='discovery.BasicSearchOnTest.BS_LessThan10000_SortedBy_Reference.LessThan10000_SortedBy_Reference()'><b>LessThan10000_SortedBy_Reference</b><br>Test class: discovery.BasicSearchOnTest.BS_LessThan10000_SortedBy_Reference</td>
<td></td>
<td>29</td>
<td>discovery.BasicSearchOnTest.BS_LessThan10000_SortedBy_Reference@17e1b0c</td></tr>
<tr>
<td title='dicovery.DeliveryOption.mouldTreatment.Mould()'><b>Mould</b><br>Test class: dicovery.DeliveryOption.mouldTreatment</td>
<td></td>
<td>15</td>
<td>dicovery.DeliveryOption.mouldTreatment@1f13d6e</td></tr>
<tr>
<td title='discovery.SingleSignOnTest.SS_NoAcceptTerm.NoAcceptTerm()'><b>NoAcceptTerm</b><br>Test class: discovery.SingleSignOnTest.SS_NoAcceptTerm</td>
<td></td>
<td>12</td>
<td>discovery.SingleSignOnTest.SS_NoAcceptTerm@1fc5fb8</td></tr>
<tr>
<td title='discovery.AdvancedSearchOnTest.AS_ClosureStatus_Open_SpecificDate.Open_SpecificDate()'><b>Open_SpecificDate</b><br>Test class: discovery.AdvancedSearchOnTest.AS_ClosureStatus_Open_SpecificDate</td>
<td></td>
<td>34</td>
<td>discovery.AdvancedSearchOnTest.AS_ClosureStatus_Open_SpecificDate@1d0c81b</td></tr>
<tr>
<td title='dicovery.DeliveryOption.orderOriginal.OrderOriginal()'><b>OrderOriginal</b><br>Test class: dicovery.DeliveryOption.orderOriginal</td>
<td></td>
<td>11</td>
<td>dicovery.DeliveryOption.orderOriginal@1faf8f2</td></tr>
<tr>
<td title='discovery.Ecommerce.PageCheckRequestACopy.PageCheckRequestACopy()'><b>PageCheckRequestACopy</b><br>Test class: discovery.Ecommerce.PageCheckRequestACopy</td>
<td></td>
<td>58</td>
<td>discovery.Ecommerce.PageCheckRequestACopy@1f65459</td></tr>
<tr>
<td title='dicovery.DeliveryOption.PaidSearch.PaidSearch()'><b>PaidSearch</b><br>Test class: dicovery.DeliveryOption.PaidSearch</td>
<td></td>
<td>11</td>
<td>dicovery.DeliveryOption.PaidSearch@16eabae</td></tr>
<tr>
<td title='discovery.AdvancedSearchOnTest.AS_ClosureStatus_PartiallyOpen_AnyTime.PartiallyOpen_AnyTime()'><b>PartiallyOpen_AnyTime</b><br>Test class: discovery.AdvancedSearchOnTest.AS_ClosureStatus_PartiallyOpen_AnyTime</td>
<td></td>
<td>32</td>
<td>discovery.AdvancedSearchOnTest.AS_ClosureStatus_PartiallyOpen_AnyTime@cdbdf5</td></tr>
<tr>
<td title='discovery.Sar.Sar_RW33FQZFoiRequest.RW33FQZFoiRequest()'><b>RW33FQZFoiRequest</b><br>Test class: discovery.Sar.Sar_RW33FQZFoiRequest</td>
<td></td>
<td>9</td>
<td>discovery.Sar.Sar_RW33FQZFoiRequest@1a5f880</td></tr>
<tr>
<td title='discovery.BasicSearchOnTest.BS_RecordCreator_filterresult.RecordCreator_filterresult()'><b>RecordCreator_filterresult</b><br>Test class: discovery.BasicSearchOnTest.BS_RecordCreator_filterresult</td>
<td></td>
<td>21</td>
<td>discovery.BasicSearchOnTest.BS_RecordCreator_filterresult@5fd85d</td></tr>
<tr>
<td title='discovery.AdvancedSearchOnTest.AS_Reference_SearchAll.Reference_SearchAll()'><b>Reference_SearchAll</b><br>Test class: discovery.AdvancedSearchOnTest.AS_Reference_SearchAll</td>
<td></td>
<td>11</td>
<td>discovery.AdvancedSearchOnTest.AS_Reference_SearchAll@1a8c74e</td></tr>
<tr>
<td title='discovery.AdvancedSearchOnTest.AS_ClosureStatus_Retained_AnyTime.Retained_AnyTime()'><b>Retained_AnyTime</b><br>Test class: discovery.AdvancedSearchOnTest.AS_ClosureStatus_Retained_AnyTime</td>
<td></td>
<td>32</td>
<td>discovery.AdvancedSearchOnTest.AS_ClosureStatus_Retained_AnyTime@11c1ea0</td></tr>
<tr>
<td title='discovery.AdvancedSearchOnTest.AS_SearchOtherArchives.SearchOtherArchives()'><b>SearchOtherArchives</b><br>Test class: discovery.AdvancedSearchOnTest.AS_SearchOtherArchives</td>
<td></td>
<td>20</td>
<td>discovery.AdvancedSearchOnTest.AS_SearchOtherArchives@168ddbd</td></tr>
<tr>
<td title='discovery.AdvancedSearchOnTest.AS_Records_SearchTheNA_CatalogueLevel.SearchTheNA_CatalogueLevel()'><b>SearchTheNA_CatalogueLevel</b><br>Test class: discovery.AdvancedSearchOnTest.AS_Records_SearchTheNA_CatalogueLevel</td>
<td></td>
<td>29</td>
<td>discovery.AdvancedSearchOnTest.AS_Records_SearchTheNA_CatalogueLevel@19e5ddf</td></tr>
<tr>
<td title='discovery.AdvancedSearchOnTest.AS_Records_SearchTheTNA_Reference_IncludeContent.SearchTheTNA_Reference_IncludeContent()'><b>SearchTheTNA_Reference_IncludeContent</b><br>Test class: discovery.AdvancedSearchOnTest.AS_Records_SearchTheTNA_Reference_IncludeContent</td>
<td></td>
<td>26</td>
<td>discovery.AdvancedSearchOnTest.AS_Records_SearchTheTNA_Reference_IncludeContent@6d64ab</td></tr>
<tr>
<td title='discovery.BasicSearchOnTest.BS_LessThan10000_SortedBy_Alldropdowns.SortedBy_Alldropdowns()'><b>SortedBy_Alldropdowns</b><br>Test class: discovery.BasicSearchOnTest.BS_LessThan10000_SortedBy_Alldropdowns</td>
<td></td>
<td>46</td>
<td>discovery.BasicSearchOnTest.BS_LessThan10000_SortedBy_Alldropdowns@181e022</td></tr>
<tr>
<td title='discovery.AdvancedSearchOnTest.AS_Records_SpecificDate_SearchAll.SpecificDate_SearchAll()'><b>SpecificDate_SearchAll</b><br>Test class: discovery.AdvancedSearchOnTest.AS_Records_SpecificDate_SearchAll</td>
<td></td>
<td>34</td>
<td>discovery.AdvancedSearchOnTest.AS_Records_SpecificDate_SearchAll@13f88ab</td></tr>
<tr>
<td title='discovery.Subscription.SubscriptionMoDMedalResearchOffice.SubscriptionMoDMedalResearchOffice()'><b>SubscriptionMoDMedalResearchOffice</b><br>Test class: discovery.Subscription.SubscriptionMoDMedalResearchOffice</td>
<td></td>
<td>26</td>
<td>discovery.Subscription.SubscriptionMoDMedalResearchOffice@186dec2</td></tr>
<tr>
<td title='discovery.FindAnAichiveOnTest.FA_HomeNation.ThirdHomeNation()'><b>ThirdHomeNation</b><br>Test class: discovery.FindAnAichiveOnTest.FA_HomeNation</td>
<td></td>
<td>6</td>
<td>discovery.FindAnAichiveOnTest.FA_HomeNation@1aeada1</td></tr>
<tr>
<td title='dicovery.DeliveryOption.unAvailable.UnAvailable()'><b>UnAvailable</b><br>Test class: dicovery.DeliveryOption.unAvailable</td>
<td></td>
<td>12</td>
<td>dicovery.DeliveryOption.unAvailable@503868</td></tr>
<tr>
<td title='discovery.BasicSearchOnTest.BS_FilterResult_VerifyCollectionAndSubjects.VerifyCollectionAndSubjects()'><b>VerifyCollectionAndSubjects</b><br>Test class: discovery.BasicSearchOnTest.BS_FilterResult_VerifyCollectionAndSubjects</td>
<td></td>
<td>33</td>
<td>discovery.BasicSearchOnTest.BS_FilterResult_VerifyCollectionAndSubjects@1f57539</td></tr>
<tr>
<td title='discovery.BasicSearchOnTest.BS_VerifyTotalNoOfRRecordsAndRecordCreators.VerifyTotalNoOfRRecordsAndRecordCreators()'><b>VerifyTotalNoOfRRecordsAndRecordCreators</b><br>Test class: discovery.BasicSearchOnTest.BS_VerifyTotalNoOfRRecordsAndRecordCreators</td>
<td></td>
<td>32</td>
<td>discovery.BasicSearchOnTest.BS_VerifyTotalNoOfRRecordsAndRecordCreators@18c1321</td></tr>
<tr>
<td title='discovery.BasicSearchOnTest.BS_VerifyTotalNoOfRecordsEachLink.VerifyTotalNoOfRecordsEachLink()'><b>VerifyTotalNoOfRecordsEachLink</b><br>Test class: discovery.BasicSearchOnTest.BS_VerifyTotalNoOfRecordsEachLink</td>
<td></td>
<td>36</td>
<td>discovery.BasicSearchOnTest.BS_VerifyTotalNoOfRecordsEachLink@1438d26</td></tr>
<tr>
<td title='dicovery.DeliveryOption.AcademicSubscription.academicSubscription()'><b>academicSubscription</b><br>Test class: dicovery.DeliveryOption.AcademicSubscription</td>
<td></td>
<td>11</td>
<td>dicovery.DeliveryOption.AcademicSubscription@29daf3</td></tr>
<tr>
<td title='dicovery.DeliveryOption.accessUnderReview.accessUnderReview()'><b>accessUnderReview</b><br>Test class: dicovery.DeliveryOption.accessUnderReview</td>
<td></td>
<td>11</td>
<td>dicovery.DeliveryOption.accessUnderReview@1660f4e</td></tr>
<tr>
<td title='discovery.BookmarkOnTest.Bookmark_add_Rename_Delete.bookmark_add()'><b>bookmark_add</b><br>Test class: discovery.BookmarkOnTest.Bookmark_add_Rename_Delete</td>
<td></td>
<td>28</td>
<td>discovery.BookmarkOnTest.Bookmark_add_Rename_Delete@6be70a</td></tr>
<tr>
<td title='discovery.BasicSearchOnTest.BS_NoOfRecordsPerPage15And30And60.click30()'><b>click30</b><br>Test class: discovery.BasicSearchOnTest.BS_NoOfRecordsPerPage15And30And60</td>
<td></td>
<td>6</td>
<td>discovery.BasicSearchOnTest.BS_NoOfRecordsPerPage15And30And60@77ab81</td></tr>
<tr>
<td title='discovery.BasicSearchOnTest.BS_NoOfRecordsPerPage15And30And60.click60()'><b>click60</b><br>Test class: discovery.BasicSearchOnTest.BS_NoOfRecordsPerPage15And30And60</td>
<td></td>
<td>6</td>
<td>discovery.BasicSearchOnTest.BS_NoOfRecordsPerPage15And30And60@77ab81</td></tr>
<tr>
<td title='discovery.SingleSignOnTest.SS_clickRegisterwithEmptyFields.clickRegisterwithEmptyFields()'><b>clickRegisterwithEmptyFields</b><br>Test class: discovery.SingleSignOnTest.SS_clickRegisterwithEmptyFields</td>
<td></td>
<td>10</td>
<td>discovery.SingleSignOnTest.SS_clickRegisterwithEmptyFields@bdb19</td></tr>
<tr>
<td title='discovery.SingleSignOnTest.SS_clickRegisterwithInvalidEmail.clickRegisterwithInvalidEmail()'><b>clickRegisterwithInvalidEmail</b><br>Test class: discovery.SingleSignOnTest.SS_clickRegisterwithInvalidEmail</td>
<td></td>
<td>12</td>
<td>discovery.SingleSignOnTest.SS_clickRegisterwithInvalidEmail@556333</td></tr>
<tr>
<td title='discovery.SingleSignOnTest.SS_clickRegisterwithInvalidPassword.clickRegisterwithInvalidPassword()'><b>clickRegisterwithInvalidPassword</b><br>Test class: discovery.SingleSignOnTest.SS_clickRegisterwithInvalidPassword</td>
<td></td>
<td>11</td>
<td>discovery.SingleSignOnTest.SS_clickRegisterwithInvalidPassword@170d1b1</td></tr>
<tr>
<td title='discovery.AdvancedSearchOnTest.AS_ClosureStatus_close_SpecificDate.close_SpecificDate()'><b>close_SpecificDate</b><br>Test class: discovery.AdvancedSearchOnTest.AS_ClosureStatus_close_SpecificDate</td>
<td></td>
<td>35</td>
<td>discovery.AdvancedSearchOnTest.AS_ClosureStatus_close_SpecificDate@650e52</td></tr>
<tr>
<td title='dicovery.DeliveryOption.closedFOIReview.closedFoiReview()'><b>closedFoiReview</b><br>Test class: dicovery.DeliveryOption.closedFOIReview</td>
<td></td>
<td>10</td>
<td>dicovery.DeliveryOption.closedFOIReview@49835d</td></tr>
<tr>
<td title='dicovery.DeliveryOption.closedRetainedDeptKnown.closedRetainedDeptKnown()'><b>closedRetainedDeptKnown</b><br>Test class: dicovery.DeliveryOption.closedRetainedDeptKnown</td>
<td></td>
<td>10</td>
<td>dicovery.DeliveryOption.closedRetainedDeptKnown@853265</td></tr>
<tr>
<td title='dicovery.DeliveryOption.ClosedRetainedDeptUnKnown.closedRetainedDeptUnKnown()'><b>closedRetainedDeptUnKnown</b><br>Test class: dicovery.DeliveryOption.ClosedRetainedDeptUnKnown</td>
<td></td>
<td>11</td>
<td>dicovery.DeliveryOption.ClosedRetainedDeptUnKnown@1205a84</td></tr>
<tr>
<td title='dicovery.DeliveryOption.collectioncare.collectionCare()'><b>collectionCare</b><br>Test class: dicovery.DeliveryOption.collectioncare</td>
<td></td>
<td>15</td>
<td>dicovery.DeliveryOption.collectioncare@10587f1</td></tr>
<tr>
<td title='discovery.BasicSearchOnTest.BS_NoOfRecordsPerPage15And30And60.defalutRecordsPerPage()'><b>defalutRecordsPerPage</b><br>Test class: discovery.BasicSearchOnTest.BS_NoOfRecordsPerPage15And30And60</td>
<td></td>
<td>0</td>
<td>discovery.BasicSearchOnTest.BS_NoOfRecordsPerPage15And30And60@77ab81</td></tr>
<tr>
<td title='discovery.TagOnTest.DeleteTag.deleteTag()'><b>deleteTag</b><br>Test class: discovery.TagOnTest.DeleteTag</td>
<td></td>
<td>25</td>
<td>discovery.TagOnTest.DeleteTag@80503</td></tr>
<tr>
<td title='dicovery.DeliveryOption.DigitizedAvailableButNotDownloadableAtItemLevel.digitizedAvailableButNotDownlodableAtItemLevel()'><b>digitizedAvailableButNotDownlodableAtItemLevel</b><br>Test class: dicovery.DeliveryOption.DigitizedAvailableButNotDownloadableAtItemLevel</td>
<td></td>
<td>11</td>
<td>dicovery.DeliveryOption.DigitizedAvailableButNotDownloadableAtItemLevel@176b067</td></tr>
<tr>
<td title='dicovery.DeliveryOption.digitizedAvailableButNotDownloadableAtPieceLevel.digitizedAvailableButNotDownlodableAtPieceLevel()'><b>digitizedAvailableButNotDownlodableAtPieceLevel</b><br>Test class: dicovery.DeliveryOption.digitizedAvailableButNotDownloadableAtPieceLevel</td>
<td></td>
<td>11</td>
<td>dicovery.DeliveryOption.digitizedAvailableButNotDownloadableAtPieceLevel@17b7b6</td></tr>
<tr>
<td title='dicovery.DeliveryOption.digitizedDiscovery.digitizedDiscovery()'><b>digitizedDiscovery</b><br>Test class: dicovery.DeliveryOption.digitizedDiscovery</td>
<td></td>
<td>17</td>
<td>dicovery.DeliveryOption.digitizedDiscovery@1063c0a</td></tr>
<tr>
<td title='dicovery.DeliveryOption.digitizedLia.digitizedLia()'><b>digitizedLia</b><br>Test class: dicovery.DeliveryOption.digitizedLia</td>
<td></td>
<td>11</td>
<td>dicovery.DeliveryOption.digitizedLia@707e36</td></tr>
<tr>
<td title='dicovery.DeliveryOption.digitizedOther.digitizedOther()'><b>digitizedOther</b><br>Test class: dicovery.DeliveryOption.digitizedOther</td>
<td></td>
<td>11</td>
<td>dicovery.DeliveryOption.digitizedOther@14ddd49</td></tr>
<tr>
<td title='dicovery.DeliveryOption.digitizedPartiallyOpened.digitizedPartiallyOpened()'><b>digitizedPartiallyOpened</b><br>Test class: dicovery.DeliveryOption.digitizedPartiallyOpened</td>
<td></td>
<td>8</td>
<td>dicovery.DeliveryOption.digitizedPartiallyOpened@1554b06</td></tr>
<tr>
<td title='dicovery.DeliveryOption.FileAuthority.fileAuthority()'><b>fileAuthority</b><br>Test class: dicovery.DeliveryOption.FileAuthority</td>
<td></td>
<td>11</td>
<td>dicovery.DeliveryOption.FileAuthority@3a4799</td></tr>
<tr>
<td title='discovery.FindAnAichiveOnTest.FA_HomeNation.firstHomeNation()'><b>firstHomeNation</b><br>Test class: discovery.FindAnAichiveOnTest.FA_HomeNation</td>
<td></td>
<td>6</td>
<td>discovery.FindAnAichiveOnTest.FA_HomeNation@1aeada1</td></tr>
<tr>
<td title='discovery.SingleSignOnTest.SS_ForgttenPassword.forgotten_Password()'><b>forgotten_Password</b><br>Test class: discovery.SingleSignOnTest.SS_ForgttenPassword</td>
<td></td>
<td>11</td>
<td>discovery.SingleSignOnTest.SS_ForgttenPassword@b1ffe6</td></tr>
<tr>
<td title='dicovery.DeliveryOption.InUse.inUse()'><b>inUse</b><br>Test class: dicovery.DeliveryOption.InUse</td>
<td></td>
<td>16</td>
<td>dicovery.DeliveryOption.InUse@aa12dd</td></tr>
<tr>
<td title='dicovery.DeliveryOption.invigilationSafeRoom.invigilationSafeRoom()'><b>invigilationSafeRoom</b><br>Test class: dicovery.DeliveryOption.invigilationSafeRoom</td>
<td></td>
<td>15</td>
<td>dicovery.DeliveryOption.invigilationSafeRoom@1d7a715</td></tr>
<tr>
<td title='dicovery.DeliveryOption.localArchive.localArchive()'><b>localArchive</b><br>Test class: dicovery.DeliveryOption.localArchive</td>
<td></td>
<td>10</td>
<td>dicovery.DeliveryOption.localArchive@11f39f9</td></tr>
<tr>
<td title='dicovery.DeliveryOption.missingLost.missingLost()'><b>missingLost</b><br>Test class: dicovery.DeliveryOption.missingLost</td>
<td></td>
<td>11</td>
<td>dicovery.DeliveryOption.missingLost@1bbf57e</td></tr>
<tr>
<td title='dicovery.DeliveryOption.Offsite.offsite()'><b>offsite</b><br>Test class: dicovery.DeliveryOption.Offsite</td>
<td></td>
<td>11</td>
<td>dicovery.DeliveryOption.Offsite@11cdd8a</td></tr>
<tr>
<td title='dicovery.DeliveryOption.Onloan.onloan()'><b>onloan</b><br>Test class: dicovery.DeliveryOption.Onloan</td>
<td></td>
<td>11</td>
<td>dicovery.DeliveryOption.Onloan@144fc21</td></tr>
<tr>
<td title='discovery.BrowseOnTest.Records_Of_OtherArchives.otherArchives()'><b>otherArchives</b><br>Test class: discovery.BrowseOnTest.Records_Of_OtherArchives</td>
<td></td>
<td>13</td>
<td>discovery.BrowseOnTest.Records_Of_OtherArchives@e67e0a</td></tr>
<tr>
<td title='discovery.BrowseOnTest.Record_Creators.recordCreators()'><b>recordCreators</b><br>Test class: discovery.BrowseOnTest.Record_Creators</td>
<td></td>
<td>21</td>
<td>discovery.BrowseOnTest.Record_Creators@43fe0e</td></tr>
<tr>
<td title='discovery.FindAnAichiveOnTest.FA_ChooseRegion.region()'><b>region</b><br>Test class: discovery.FindAnAichiveOnTest.FA_ChooseRegion</td>
<td></td>
<td>6</td>
<td>discovery.FindAnAichiveOnTest.FA_ChooseRegion@1ebcd8</td></tr>
<tr>
<td title='discovery.FindAnAichiveOnTest.FA_ChooseRegion.region2()'><b>region2</b><br>Test class: discovery.FindAnAichiveOnTest.FA_ChooseRegion</td>
<td></td>
<td>6</td>
<td>discovery.FindAnAichiveOnTest.FA_ChooseRegion@1ebcd8</td></tr>
<tr>
<td title='discovery.FindAnAichiveOnTest.FA_ChooseRegion.region3()'><b>region3</b><br>Test class: discovery.FindAnAichiveOnTest.FA_ChooseRegion</td>
<td></td>
<td>6</td>
<td>discovery.FindAnAichiveOnTest.FA_ChooseRegion@1ebcd8</td></tr>
<tr>
<td title='discovery.TagOnTest.SelfTagRemovalRequestNoSignIn.removalRequest()'><b>removalRequest</b><br>Test class: discovery.TagOnTest.SelfTagRemovalRequestNoSignIn</td>
<td></td>
<td>11</td>
<td>discovery.TagOnTest.SelfTagRemovalRequestNoSignIn@1553d26</td></tr>
<tr>
<td title='discovery.FindAnAichiveOnTest.FA_HomeNation.secondHomeNation()'><b>secondHomeNation</b><br>Test class: discovery.FindAnAichiveOnTest.FA_HomeNation</td>
<td></td>
<td>6</td>
<td>discovery.FindAnAichiveOnTest.FA_HomeNation@1aeada1</td></tr>
<tr>
<td title='dicovery.DeliveryOption.surrogate.surrogate()'><b>surrogate</b><br>Test class: dicovery.DeliveryOption.surrogate</td>
<td></td>
<td>14</td>
<td>dicovery.DeliveryOption.surrogate@7dc304</td></tr>
<tr>
<td title='discovery.TagOnTest.AddTag.tag()'><b>tag</b><br>Test class: discovery.TagOnTest.AddTag</td>
<td></td>
<td>46</td>
<td>discovery.TagOnTest.AddTag@1943d71</td></tr>
<tr>
<td title='discovery.TagOnTest.StopListTag.tag()'><b>tag</b><br>Test class: discovery.TagOnTest.StopListTag</td>
<td></td>
<td>27</td>
<td>discovery.TagOnTest.StopListTag@9a3d1d</td></tr>
<tr>
<td title='dicovery.DeliveryOption.TooLargeToCopyOriginal.tooLargeToCopy()'><b>tooLargeToCopy</b><br>Test class: dicovery.DeliveryOption.TooLargeToCopyOriginal</td>
<td></td>
<td>11</td>
<td>dicovery.DeliveryOption.TooLargeToCopyOriginal@729b1e</td></tr>
<tr>
<td title='dicovery.DeliveryOption.TooLargeToCopySurrogate.tooLargeToCopySurrogate()'><b>tooLargeToCopySurrogate</b><br>Test class: dicovery.DeliveryOption.TooLargeToCopySurrogate</td>
<td></td>
<td>12</td>
<td>dicovery.DeliveryOption.TooLargeToCopySurrogate@bbd20a</td></tr>
<tr>
<td title='discovery.FindAnAichiveOnTest.FA_UsingMap.usingmap()'><b>usingmap</b><br>Test class: discovery.FindAnAichiveOnTest.FA_UsingMap</td>
<td></td>
<td>6</td>
<td>discovery.FindAnAichiveOnTest.FA_UsingMap@8931cf</td></tr>
<tr>
<td title='discovery.AdvancedSearchOnTest.AS_AutoLookUp_ByGovernmentDepartment.verifyLookUp()'><b>verifyLookUp</b><br>Test class: discovery.AdvancedSearchOnTest.AS_AutoLookUp_ByGovernmentDepartment</td>
<td></td>
<td>19</td>
<td>discovery.AdvancedSearchOnTest.AS_AutoLookUp_ByGovernmentDepartment@16aaa8d</td></tr>
<tr>
<td title='discovery.AdvancedSearchOnTest.AS_AutoLookUp_OtherArchives.verifyLookUp()'><b>verifyLookUp</b><br>Test class: discovery.AdvancedSearchOnTest.AS_AutoLookUp_OtherArchives</td>
<td></td>
<td>15</td>
<td>discovery.AdvancedSearchOnTest.AS_AutoLookUp_OtherArchives@320068</td></tr>
<tr>
<td title='discovery.DownlaodRecordOnTest.Veriy_DownloadOption_ForStaff.verify_Download_ForStaff()'><b>verify_Download_ForStaff</b><br>Test class: discovery.DownlaodRecordOnTest.Veriy_DownloadOption_ForStaff</td>
<td></td>
<td>44</td>
<td>discovery.DownlaodRecordOnTest.Veriy_DownloadOption_ForStaff@7aecef</td></tr>
<tr>
<td title='discovery.DownlaodRecordOnTest.Veriy_DownloadOption_InAccount.verify_Download_InAccount()'><b>verify_Download_InAccount</b><br>Test class: discovery.DownlaodRecordOnTest.Veriy_DownloadOption_InAccount</td>
<td></td>
<td>34</td>
<td>discovery.DownlaodRecordOnTest.Veriy_DownloadOption_InAccount@150efb8</td></tr>
<tr>
<td title='discovery.DownlaodRecordOnTest.Veriy_DownloadOption_OnConfirmationPage.verify_Download_OnConfirmationPage()'><b>verify_Download_OnConfirmationPage</b><br>Test class: discovery.DownlaodRecordOnTest.Veriy_DownloadOption_OnConfirmationPage</td>
<td></td>
<td>16</td>
<td>discovery.DownlaodRecordOnTest.Veriy_DownloadOption_OnConfirmationPage@2d773b</td></tr>
</table><p>
</body>
</html>