<html>
<head>
<title>TestNG:  Ecommerce</title>
<link href="../testng.css" rel="stylesheet" type="text/css" />
<link href="../my-testng.css" rel="stylesheet" type="text/css" />

<style type="text/css">
.log { display: none;} 
.stack-trace { display: none;} 
</style>
<script type="text/javascript">
<!--
function flip(e) {
  current = e.style.display;
  if (current == 'block') {
    e.style.display = 'none';
    return 0;
  }
  else {
    e.style.display = 'block';
    return 1;
  }
}

function toggleBox(szDivId, elem, msg1, msg2)
{
  var res = -1;  if (document.getElementById) {
    res = flip(document.getElementById(szDivId));
  }
  else if (document.all) {
    // this is the way old msie versions work
    res = flip(document.all[szDivId]);
  }
  if(elem) {
    if(res == 0) elem.innerHTML = msg1; else elem.innerHTML = msg2;
  }

}

function toggleAllBoxes() {
  if (document.getElementsByTagName) {
    d = document.getElementsByTagName('div');
    for (i = 0; i < d.length; i++) {
      if (d[i].className == 'log') {
        flip(d[i]);
      }
    }
  }
}

// -->
</script>

</head>
<body>
<h2 align='center'>Ecommerce</h2><table border='1' align="center">
<tr>
<td>Tests passed/Failed/Skipped:</td><td>8/1/0</td>
</tr><tr>
<td>Started on:</td><td>Wed Jan 10 11:54:12 GMT 2018</td>
</tr>
<tr><td>Total time:</td><td>487 seconds (487240 ms)</td>
</tr><tr>
<td>Included groups:</td><td></td>
</tr><tr>
<td>Excluded groups:</td><td></td>
</tr>
</table><p/>
<small><i>(Hover the method name to see the test class name)</i></small><p/>
<table width='100%' border='1' class='invocation-failed'>
<tr><td colspan='4' align='center'><b>FAILED TESTS</b></td></tr>
<tr><td><b>Test method</b></td>
<td width="30%"><b>Exception</b></td>
<td width="10%"><b>Time (seconds)</b></td>
<td><b>Instance</b></td>
</tr>
<tr>
<td title='discovery.Ecommerce.Dsa1939registerClickNo.Dsa1939registerClickNo()'><b>Dsa1939registerClickNo</b><br>Test class: discovery.Ecommerce.Dsa1939registerClickNo</td>
<td><div><pre>org.openqa.selenium.NoSuchWindowException: no such window: target window already closed
from unknown error: web view not found
  (Session info: chrome=63.0.3239.132)
  (Driver info: chromedriver=2.33.506120 (e3e53437346286c0bc2d2dc9aa4915ba81d9023f),platform=Windows NT 6.1.7601 SP1 x86_64) (WARNING: The server did not provide any stacktrace information)
Command duration or timeout: 5 milliseconds
Build info: version: &apos;3.4.0&apos;, revision: &apos;unknown&apos;, time: &apos;unknown&apos;
System info: host: &apos;PR020921&apos;, ip: &apos;10.120.2.124&apos;, os.name: &apos;Windows 7&apos;, os.arch: &apos;x86&apos;, os.version: &apos;6.1&apos;, java.version: &apos;1.8.0_131&apos;
Driver info: org.openqa.selenium.chrome.ChromeDriver
Capabilities [{applicationCacheEnabled=false, rotatable=false, mobileEmulationEnabled=false, networkConnectionEnabled=false, chrome={chromedriverVersion=2.33.506120 (e3e53437346286c0bc2d2dc9aa4915ba81d9023f), userDataDir=C:\Users\SVENKA~1\AppData\Local\Temp\scoped_dir14880_3333}, takesHeapSnapshot=true, pageLoadStrategy=normal, databaseEnabled=false, handlesAlerts=true, hasTouchScreen=false, version=63.0.3239.132, platform=XP, browserConnectionEnabled=false, nativeEvents=true, acceptSslCerts=true, locationContextEnabled=true, webStorageEnabled=true, browserName=chrome, takesScreenshot=true, javascriptEnabled=true, cssSelectorsEnabled=true, setWindowRect=true, unexpectedAlertBehaviour=}]
Session ID: 026936ab9688501bdc99d323fd081c3c
	at org.openqa.selenium.remote.ErrorHandler.createThrowable(ErrorHandler.java:215)
	at org.openqa.selenium.remote.ErrorHandler.throwIfResponseFailed(ErrorHandler.java:167)
	at org.openqa.selenium.remote.RemoteWebDriver.execute(RemoteWebDriver.java:671)
	at org.openqa.selenium.remote.RemoteWebDriver.execute(RemoteWebDriver.java:694)
	at org.openqa.selenium.remote.RemoteWebDriver.getScreenshotAs(RemoteWebDriver.java:382)
	at discovery.Ecommerce.Wrapper.Screenshot(Wrapper.java:57)
	at discovery.Ecommerce.Wrapper.clickbyXpath(Wrapper.java:785)
	at discovery.Ecommerce.Dsa1939registerClickNo.Dsa1939registerClickNo(Dsa1939registerClickNo.java:135)
... Removed 29 stack frames</pre></div><a href='#' onClick='toggleBox("stack-trace20008137", this, "Click to show all stack frames", "Click to hide stack frames")'>Click to show all stack frames</a>
<div class='stack-trace' id='stack-trace20008137'><pre>org.openqa.selenium.NoSuchWindowException: no such window: target window already closed
from unknown error: web view not found
  (Session info: chrome=63.0.3239.132)
  (Driver info: chromedriver=2.33.506120 (e3e53437346286c0bc2d2dc9aa4915ba81d9023f),platform=Windows NT 6.1.7601 SP1 x86_64) (WARNING: The server did not provide any stacktrace information)
Command duration or timeout: 5 milliseconds
Build info: version: &apos;3.4.0&apos;, revision: &apos;unknown&apos;, time: &apos;unknown&apos;
System info: host: &apos;PR020921&apos;, ip: &apos;10.120.2.124&apos;, os.name: &apos;Windows 7&apos;, os.arch: &apos;x86&apos;, os.version: &apos;6.1&apos;, java.version: &apos;1.8.0_131&apos;
Driver info: org.openqa.selenium.chrome.ChromeDriver
Capabilities [{applicationCacheEnabled=false, rotatable=false, mobileEmulationEnabled=false, networkConnectionEnabled=false, chrome={chromedriverVersion=2.33.506120 (e3e53437346286c0bc2d2dc9aa4915ba81d9023f), userDataDir=C:\Users\SVENKA~1\AppData\Local\Temp\scoped_dir14880_3333}, takesHeapSnapshot=true, pageLoadStrategy=normal, databaseEnabled=false, handlesAlerts=true, hasTouchScreen=false, version=63.0.3239.132, platform=XP, browserConnectionEnabled=false, nativeEvents=true, acceptSslCerts=true, locationContextEnabled=true, webStorageEnabled=true, browserName=chrome, takesScreenshot=true, javascriptEnabled=true, cssSelectorsEnabled=true, setWindowRect=true, unexpectedAlertBehaviour=}]
Session ID: 026936ab9688501bdc99d323fd081c3c
	at sun.reflect.NativeConstructorAccessorImpl.newInstance0(Native Method)
	at sun.reflect.NativeConstructorAccessorImpl.newInstance(NativeConstructorAccessorImpl.java:62)
	at sun.reflect.DelegatingConstructorAccessorImpl.newInstance(DelegatingConstructorAccessorImpl.java:45)
	at java.lang.reflect.Constructor.newInstance(Constructor.java:423)
	at org.openqa.selenium.remote.ErrorHandler.createThrowable(ErrorHandler.java:215)
	at org.openqa.selenium.remote.ErrorHandler.throwIfResponseFailed(ErrorHandler.java:167)
	at org.openqa.selenium.remote.RemoteWebDriver.execute(RemoteWebDriver.java:671)
	at org.openqa.selenium.remote.RemoteWebDriver.execute(RemoteWebDriver.java:694)
	at org.openqa.selenium.remote.RemoteWebDriver.getScreenshotAs(RemoteWebDriver.java:382)
	at discovery.Ecommerce.Wrapper.Screenshot(Wrapper.java:57)
	at discovery.Ecommerce.Wrapper.clickbyXpath(Wrapper.java:785)
	at discovery.Ecommerce.Dsa1939registerClickNo.Dsa1939registerClickNo(Dsa1939registerClickNo.java:135)
	at sun.reflect.NativeMethodAccessorImpl.invoke0(Native Method)
	at sun.reflect.NativeMethodAccessorImpl.invoke(NativeMethodAccessorImpl.java:62)
	at sun.reflect.DelegatingMethodAccessorImpl.invoke(DelegatingMethodAccessorImpl.java:43)
	at java.lang.reflect.Method.invoke(Method.java:498)
	at org.testng.internal.MethodInvocationHelper.invokeMethod(MethodInvocationHelper.java:108)
	at org.testng.internal.Invoker.invokeMethod(Invoker.java:661)
	at org.testng.internal.Invoker.invokeTestMethod(Invoker.java:869)
	at org.testng.internal.Invoker.invokeTestMethods(Invoker.java:1193)
	at org.testng.internal.TestMethodWorker.invokeTestMethods(TestMethodWorker.java:126)
	at org.testng.internal.TestMethodWorker.run(TestMethodWorker.java:109)
	at org.testng.TestRunner.privateRun(TestRunner.java:744)
	at org.testng.TestRunner.run(TestRunner.java:602)
	at org.testng.SuiteRunner.runTest(SuiteRunner.java:380)
	at org.testng.SuiteRunner.runSequentially(SuiteRunner.java:375)
	at org.testng.SuiteRunner.privateRun(SuiteRunner.java:340)
	at org.testng.SuiteRunner.run(SuiteRunner.java:289)
	at org.testng.SuiteRunnerWorker.runSuite(SuiteRunnerWorker.java:52)
	at org.testng.SuiteRunnerWorker.run(SuiteRunnerWorker.java:86)
	at org.testng.TestNG.runSuitesSequentially(TestNG.java:1301)
	at org.testng.TestNG.runSuitesLocally(TestNG.java:1226)
	at org.testng.TestNG.runSuites(TestNG.java:1144)
	at org.testng.TestNG.run(TestNG.java:1115)
	at org.testng.remote.AbstractRemoteTestNG.run(AbstractRemoteTestNG.java:132)
	at org.testng.remote.RemoteTestNG.initAndRun(RemoteTestNG.java:230)
	at org.testng.remote.RemoteTestNG.main(RemoteTestNG.java:76)
</pre></div></td>
<td>72</td>
<td>discovery.Ecommerce.Dsa1939registerClickNo@bbd20a</td></tr>
</table><p>
<table width='100%' border='1' class='invocation-passed'>
<tr><td colspan='4' align='center'><b>PASSED TESTS</b></td></tr>
<tr><td><b>Test method</b></td>
<td width="30%"><b>Exception</b></td>
<td width="10%"><b>Time (seconds)</b></td>
<td><b>Instance</b></td>
</tr>
<tr>
<td title='discovery.Ecommerce.CertifiedNaturalisationRequest.CertifiedNaturalisationRequest()'><b>CertifiedNaturalisationRequest</b><br>Test class: discovery.Ecommerce.CertifiedNaturalisationRequest</td>
<td></td>
<td>62</td>
<td>discovery.Ecommerce.CertifiedNaturalisationRequest@7dc304</td></tr>
<tr>
<td title='discovery.Ecommerce.DigitizedAddToBasket.DigitizedAddToBasket()'><b>DigitizedAddToBasket</b><br>Test class: discovery.Ecommerce.DigitizedAddToBasket</td>
<td></td>
<td>36</td>
<td>discovery.Ecommerce.DigitizedAddToBasket@729b1e</td></tr>
<tr>
<td title='discovery.Ecommerce.Dsa1939registerClickYes.Dsa1939registerClickYes()'><b>Dsa1939registerClickYes</b><br>Test class: discovery.Ecommerce.Dsa1939registerClickYes</td>
<td></td>
<td>62</td>
<td>discovery.Ecommerce.Dsa1939registerClickYes@503868</td></tr>
<tr>
<td title='discovery.Ecommerce.Foi1939register.Foi1939register()'><b>Foi1939register</b><br>Test class: discovery.Ecommerce.Foi1939register</td>
<td></td>
<td>51</td>
<td>discovery.Ecommerce.Foi1939register@95a785</td></tr>
<tr>
<td title='discovery.Ecommerce.HomeGuard.HomeGuard()'><b>HomeGuard</b><br>Test class: discovery.Ecommerce.HomeGuard</td>
<td></td>
<td>52</td>
<td>discovery.Ecommerce.HomeGuard@aac163</td></tr>
<tr>
<td title='discovery.Ecommerce.PageCheckRequestACopy.PageCheckRequestACopy()'><b>PageCheckRequestACopy</b><br>Test class: discovery.Ecommerce.PageCheckRequestACopy</td>
<td></td>
<td>66</td>
<td>discovery.Ecommerce.PageCheckRequestACopy@4f6be2</td></tr>
<tr>
<td title='discovery.Ecommerce.PageCheckRequestMore1000Characters.PageCheckRequestACopy()'><b>PageCheckRequestACopy</b><br>Test class: discovery.Ecommerce.PageCheckRequestMore1000Characters</td>
<td></td>
<td>26</td>
<td>discovery.Ecommerce.PageCheckRequestMore1000Characters@1c0542</td></tr>
<tr>
<td title='discovery.Ecommerce.WO416.WO416()'><b>WO416</b><br>Test class: discovery.Ecommerce.WO416</td>
<td></td>
<td>56</td>
<td>discovery.Ecommerce.WO416@17030a6</td></tr>
</table><p>
</body>
</html>