<?xml version="1.0" encoding="UTF-8"?>
<!-- Generated by org.testng.reporters.JUnitXMLReporter -->
<testsuite hostname="PR020921" ignored="0" name="ManorSearchOnTest" tests="3" failures="1" timestamp="10 Jan 2018 12:24:09 GMT" time="98.225" errors="0">
  <testcase name="ByManor_VerifyRecordsCreator" time="26.384" classname="discovery.ManorSearchOnTest.MS_ByManor_VerifyRecordsCreator"/>
  <testcase name="ForManorDocuments_KeyWordSearch" time="34.537" classname="discovery.ManorSearchOnTest.MS_ForManorDocuments_KeyWordSearch">
    <failure type="java.lang.AssertionError" message="expected [true] but found [false]">
      <![CDATA[java.lang.AssertionError: expected [true] but found [false]
	at discovery.ManorSearchOnTest.MS_ForManorDocuments_KeyWordSearch.ForManorDocuments_KeyWordSearch(MS_ForManorDocuments_KeyWordSearch.java:67)
... Removed 29 stack frames]]>
    </failure>
  </testcase> <!-- ForManorDocuments_KeyWordSearch -->
  <testcase name="ForManorDocuments_VerifyRecords" time="37.297" classname="discovery.ManorSearchOnTest.MS_ForManorDocuments_VerifyRecords"/>
</testsuite> <!-- ManorSearchOnTest -->
